关键字: int &17
标识符: x &17
左中括号:[ &17
数字: 10 &17
右中括号:] &17
分号:; &17
关键字: int &18
标识符: minloc &18
左括号:( &18
关键字: int &18
标识符: a &18
左中括号:[ &18
右中括号:] &18
逗号: , &18
关键字: int &18
标识符: low &18
逗号: , &18
关键字: int &18
标识符: high &18
右括号:) &18
左花括号:{ &19
关键字: int &20
标识符: i &20
分号:; &20
关键字: int &20
标识符: x &20
分号:; &20
关键字: int &20
标识符: k &20
分号:; &20
标识符: k &21
赋值符号:= &21
标识符: low &21
分号:; &21
标识符: x &22
赋值符号:= &22
标识符: a &22
左中括号:[ &22
标识符: low &22
右中括号:] &22
分号:; &22
标识符: i &23
赋值符号:= &23
标识符: low &23
加号:+ &23
数字: 1 &23
分号:; &23
关键字: while &24
左括号:( &24
标识符: i &24
小于号:< &24
标识符: high &24
右括号:) &24
左花括号:{ &25
关键字: if &26
左括号:( &26
标识符: a &26
左中括号:[ &26
标识符: i &26
右中括号:] &26
小于号:< &26
标识符: x &26
右括号:) &26
左花括号:{ &27
标识符: x &28
赋值符号:= &28
标识符: a &28
左中括号:[ &28
标识符: i &28
右中括号:] &28
分号:; &28
标识符: k &29
赋值符号:= &29
标识符: i &29
分号:; &29
右花括号:} &30
标识符: i &31
赋值符号:= &31
标识符: i &31
加号:+ &31
数字: 1 &31
分号:; &31
右花括号:} &32
关键字: return &33
标识符: k &33
分号:; &33
右花括号:} &34
关键字: void &35
标识符: sort &35
左括号:( &35
关键字: int &35
标识符: a &35
左中括号:[ &35
右中括号:] &35
逗号: , &35
关键字: int &35
标识符: low &35
逗号: , &35
关键字: int &35
标识符: high &35
右括号:) &35
左花括号:{ &36
关键字: int &37
标识符: i &37
分号:; &37
关键字: int &37
标识符: k &37
分号:; &37
标识符: i &38
赋值符号:= &38
标识符: low &38
分号:; &38
关键字: while &39
左括号:( &39
标识符: i &39
小于号:< &39
标识符: high &39
减号:- &39
数字: 1 &39
右括号:) &39
左花括号:{ &40
关键字: int &41
标识符: t &41
分号:; &41
标识符: k &42
赋值符号:= &42
标识符: minloc &42
左括号:( &42
标识符: a &42
逗号: , &42
标识符: i &42
逗号: , &42
标识符: high &42
右括号:) &42
分号:; &42
标识符: t &43
赋值符号:= &43
标识符: a &43
左中括号:[ &43
标识符: k &43
右中括号:] &43
分号:; &43
标识符: a &44
左中括号:[ &44
标识符: k &44
右中括号:] &44
赋值符号:= &44
标识符: a &44
左中括号:[ &44
标识符: i &44
右中括号:] &44
分号:; &44
标识符: a &45
左中括号:[ &45
标识符: i &45
右中括号:] &45
赋值符号:= &45
标识符: t &45
分号:; &45
标识符: i &46
赋值符号:= &46
标识符: i &46
加号:+ &46
数字: 1 &46
分号:; &46
右花括号:} &47
右花括号:} &48
关键字: void &49
标识符: main &49
左括号:( &49
关键字: void &49
右括号:) &49
左花括号:{ &50
关键字: int &51
标识符: i &51
分号:; &51
标识符: i &52
赋值符号:= &52
数字: 0 &52
分号:; &52
关键字: while &53
左括号:( &53
标识符: i &53
小于号:< &53
数字: 10 &53
右括号:) &53
左花括号:{ &54
标识符: x &55
左中括号:[ &55
标识符: i &55
右中括号:] &55
赋值符号:= &55
标识符: input &55
左括号:( &55
右括号:) &55
分号:; &55
标识符: i &56
赋值符号:= &56
标识符: i &56
加号:+ &56
数字: 1 &56
分号:; &56
标识符: sort &57
左括号:( &57
标识符: x &57
逗号: , &57
数字: 0 &57
逗号: , &57
数字: 10 &57
右括号:) &57
分号:; &57
标识符: i &58
赋值符号:= &58
数字: 0 &58
分号:; &58
关键字: while &59
左括号:( &59
标识符: i &59
小于号:< &59
数字: 10 &59
右括号:) &59
左花括号:{ &60
标识符: output &61
左括号:( &61
标识符: x &61
左中括号:[ &61
标识符: i &61
右中括号:] &61
右括号:) &61
分号:; &61
标识符: i &62
赋值符号:= &62
标识符: i &62
加号:+ &62
数字: 1 &62
分号:; &62
右花括号:} &63
右花括号:} &64
右花括号:} &65
