c:\users\12345\desktop\软件4班 朱炜 陈景锐 编译原理课程项目中期检查\minic（源程序）\x64\debug\minic.pch
c:\users\12345\desktop\软件4班 朱炜 陈景锐 编译原理课程项目中期检查\minic（源程序）\x64\debug\vc141.pdb
c:\users\12345\desktop\软件4班 朱炜 陈景锐 编译原理课程项目中期检查\minic（源程序）\x64\debug\vc141.idb
c:\users\12345\desktop\软件4班 朱炜 陈景锐 编译原理课程项目中期检查\minic（源程序）\x64\debug\stdafx.obj
c:\users\12345\desktop\软件4班 朱炜 陈景锐 编译原理课程项目中期检查\minic（源程序）\x64\debug\util.obj
c:\users\12345\desktop\软件4班 朱炜 陈景锐 编译原理课程项目中期检查\minic（源程序）\x64\debug\symtab.obj
c:\users\12345\desktop\软件4班 朱炜 陈景锐 编译原理课程项目中期检查\minic（源程序）\x64\debug\scan.obj
c:\users\12345\desktop\软件4班 朱炜 陈景锐 编译原理课程项目中期检查\minic（源程序）\x64\debug\parse.obj
c:\users\12345\desktop\软件4班 朱炜 陈景锐 编译原理课程项目中期检查\minic（源程序）\x64\debug\minicdlg.obj
c:\users\12345\desktop\软件4班 朱炜 陈景锐 编译原理课程项目中期检查\minic（源程序）\x64\debug\minic.obj
c:\users\12345\desktop\软件4班 朱炜 陈景锐 编译原理课程项目中期检查\minic（源程序）\x64\debug\code.obj
c:\users\12345\desktop\软件4班 朱炜 陈景锐 编译原理课程项目中期检查\minic（源程序）\x64\debug\cgen.obj
c:\users\12345\desktop\软件4班 朱炜 陈景锐 编译原理课程项目中期检查\minic（源程序）\x64\debug\analysesemantic.obj
c:\users\12345\desktop\软件4班 朱炜 陈景锐 编译原理课程项目中期检查\minic（源程序）\x64\debug\analyse.obj
c:\users\12345\desktop\软件4班 朱炜 陈景锐 编译原理课程项目中期检查\minic（源程序）\x64\debug\minic.ilk
c:\users\12345\desktop\软件4班 朱炜 陈景锐 编译原理课程项目中期检查\minic（源程序）\x64\debug\minic.exe
c:\users\12345\desktop\软件4班 朱炜 陈景锐 编译原理课程项目中期检查\minic（源程序）\x64\debug\minic.pdb
c:\users\12345\desktop\软件4班 朱炜 陈景锐 编译原理课程项目中期检查\minic（源程序）\x64\debug\minic.res
c:\users\12345\desktop\软件4班 朱炜 陈景锐 编译原理课程项目中期检查\minic（源程序）\x64\debug\minic.tlog\cl.command.1.tlog
c:\users\12345\desktop\软件4班 朱炜 陈景锐 编译原理课程项目中期检查\minic（源程序）\x64\debug\minic.tlog\cl.read.1.tlog
c:\users\12345\desktop\软件4班 朱炜 陈景锐 编译原理课程项目中期检查\minic（源程序）\x64\debug\minic.tlog\cl.write.1.tlog
c:\users\12345\desktop\软件4班 朱炜 陈景锐 编译原理课程项目中期检查\minic（源程序）\x64\debug\minic.tlog\link.command.1.tlog
c:\users\12345\desktop\软件4班 朱炜 陈景锐 编译原理课程项目中期检查\minic（源程序）\x64\debug\minic.tlog\link.read.1.tlog
c:\users\12345\desktop\软件4班 朱炜 陈景锐 编译原理课程项目中期检查\minic（源程序）\x64\debug\minic.tlog\link.write.1.tlog
c:\users\12345\desktop\软件4班 朱炜 陈景锐 编译原理课程项目中期检查\minic（源程序）\x64\debug\minic.tlog\rc.command.1.tlog
c:\users\12345\desktop\软件4班 朱炜 陈景锐 编译原理课程项目中期检查\minic（源程序）\x64\debug\minic.tlog\rc.read.1.tlog
c:\users\12345\desktop\软件4班 朱炜 陈景锐 编译原理课程项目中期检查\minic（源程序）\x64\debug\minic.tlog\rc.write.1.tlog
