关键字: int &3
标识符: x &3
左中括号:[ &3
数字: 10 &3
右中括号:] &3
分号:; &3
关键字: int &4
标识符: minloc &4
左括号:( &4
关键字: int &4
标识符: a &4
左中括号:[ &4
右中括号:] &4
逗号: , &4
关键字: int &4
标识符: low &4
逗号: , &4
关键字: int &4
标识符: high &4
右括号:) &4
左花括号:{ &5
关键字: int &6
标识符: i &6
分号:; &6
关键字: int &6
标识符: x &6
分号:; &6
关键字: int &6
标识符: k &6
分号:; &6
标识符: k &7
赋值符号:= &7
标识符: low &7
分号:; &7
标识符: x &8
赋值符号:= &8
标识符: a &8
左中括号:[ &8
标识符: low &8
右中括号:] &8
分号:; &8
标识符: i &9
赋值符号:= &9
标识符: low &9
加号:+ &9
数字: 1 &9
分号:; &9
关键字: while &10
左括号:( &10
标识符: i &10
小于号:< &10
标识符: high &10
右括号:) &10
左花括号:{ &11
关键字: if &12
左括号:( &12
标识符: a &12
左中括号:[ &12
标识符: i &12
右中括号:] &12
小于号:< &12
标识符: x &12
右括号:) &12
左花括号:{ &13
标识符: x &14
赋值符号:= &14
标识符: a &14
左中括号:[ &14
标识符: i &14
右中括号:] &14
分号:; &14
标识符: k &15
赋值符号:= &15
标识符: i &15
分号:; &15
右花括号:} &16
标识符: i &17
赋值符号:= &17
标识符: i &17
加号:+ &17
数字: 1 &17
分号:; &17
右花括号:} &18
关键字: return &19
标识符: k &19
分号:; &19
右花括号:} &20
关键字: void &21
标识符: sort &21
左括号:( &21
关键字: int &21
标识符: a &21
左中括号:[ &21
右中括号:] &21
逗号: , &21
关键字: int &21
标识符: low &21
逗号: , &21
关键字: int &21
标识符: high &21
右括号:) &21
左花括号:{ &22
关键字: int &23
标识符: i &23
分号:; &23
关键字: int &23
标识符: k &23
分号:; &23
标识符: i &24
赋值符号:= &24
标识符: low &24
分号:; &24
关键字: while &25
左括号:( &25
标识符: i &25
小于号:< &25
标识符: high &25
减号:- &25
数字: 1 &25
右括号:) &25
左花括号:{ &26
关键字: int &27
标识符: t &27
分号:; &27
标识符: k &28
赋值符号:= &28
标识符: minloc &28
左括号:( &28
标识符: a &28
逗号: , &28
标识符: i &28
逗号: , &28
标识符: high &28
右括号:) &28
分号:; &28
标识符: t &29
赋值符号:= &29
标识符: a &29
左中括号:[ &29
标识符: k &29
右中括号:] &29
分号:; &29
标识符: a &30
左中括号:[ &30
标识符: k &30
右中括号:] &30
赋值符号:= &30
标识符: a &30
左中括号:[ &30
标识符: i &30
右中括号:] &30
分号:; &30
标识符: a &31
左中括号:[ &31
标识符: i &31
右中括号:] &31
赋值符号:= &31
标识符: t &31
分号:; &31
标识符: i &32
赋值符号:= &32
标识符: i &32
加号:+ &32
数字: 1 &32
分号:; &32
右花括号:} &33
右花括号:} &34
关键字: void &35
标识符: main &35
左括号:( &35
关键字: void &35
右括号:) &35
左花括号:{ &36
关键字: int &37
标识符: i &37
分号:; &37
标识符: i &38
赋值符号:= &38
数字: 0 &38
分号:; &38
关键字: while &39
左括号:( &39
标识符: i &39
小于号:< &39
数字: 10 &39
右括号:) &39
左花括号:{ &40
标识符: x &41
左中括号:[ &41
标识符: i &41
右中括号:] &41
赋值符号:= &41
标识符: input &41
左括号:( &41
右括号:) &41
分号:; &41
标识符: i &42
赋值符号:= &42
标识符: i &42
加号:+ &42
数字: 1 &42
分号:; &42
标识符: sort &43
左括号:( &43
标识符: x &43
逗号: , &43
数字: 0 &43
逗号: , &43
数字: 10 &43
右括号:) &43
分号:; &43
标识符: i &44
赋值符号:= &44
数字: 0 &44
分号:; &44
关键字: while &45
左括号:( &45
标识符: i &45
小于号:< &45
数字: 10 &45
右括号:) &45
左花括号:{ &46
标识符: output &47
左括号:( &47
标识符: x &47
左中括号:[ &47
标识符: i &47
右中括号:] &47
右括号:) &47
分号:; &47
标识符: i &48
赋值符号:= &48
标识符: i &48
加号:+ &48
数字: 1 &48
分号:; &48
右花括号:} &49
右花括号:} &50
右花括号:} &51
