关键字: int &3
标识符: gcd &3
左括号:( &3
关键字: int &3
标识符: u &3
逗号: , &3
关键字: int &3
标识符: v &3
右括号:) &3
左花括号:{ &4
关键字: if &4
左括号:( &4
标识符: v &4
等号:== &4
数字: 0 &4
右括号:) &4
关键字: return &4
标识符: u &4
分号:; &4
关键字: else &5
关键字: return &5
标识符: gcd &5
左括号:( &5
标识符: v &5
逗号: , &5
标识符: u &5
减号:- &5
标识符: u &5
除号:/ &5
标识符: v &5
乘号:* &5
标识符: v &5
右括号:) &5
分号:; &5
右花括号:} &7
关键字: void &8
标识符: main &8
左括号:( &8
关键字: void &8
右括号:) &8
左花括号:{ &9
关键字: int &9
标识符: x &9
分号:; &9
关键字: int &9
标识符: y &9
分号:; &9
标识符: x &10
赋值符号:= &10
标识符: input &10
左括号:( &10
右括号:) &10
分号:; &10
标识符: y &11
赋值符号:= &11
标识符: input &11
左括号:( &11
右括号:) &11
分号:; &11
标识符: output &12
左括号:( &12
标识符: gcd &12
左括号:( &12
标识符: x &12
逗号: , &12
标识符: y &12
右括号:) &12
右括号:) &12
分号:; &12
右花括号:} &13
