关键字: int &55
标识符: x &55
左中括号:[ &55
数字: 10 &55
右中括号:] &55
分号:; &55
关键字: int &56
标识符: minloc &56
左括号:( &56
关键字: int &56
标识符: a &56
左中括号:[ &56
右中括号:] &56
逗号: , &56
关键字: int &56
标识符: low &56
逗号: , &56
关键字: int &56
标识符: high &56
右括号:) &56
左花括号:{ &57
关键字: int &58
标识符: i &58
分号:; &58
关键字: int &58
标识符: x &58
分号:; &58
关键字: int &58
标识符: k &58
分号:; &58
标识符: k &59
赋值号:= &59
标识符: low &59
分号:; &59
标识符: x &60
赋值号:= &60
标识符: a &60
左中括号:[ &60
标识符: low &60
右中括号:] &60
分号:; &60
标识符: i &61
赋值号:= &61
标识符: low &61
加号:+ &61
数字: 1 &61
分号:; &61
关键字: while &62
左括号:( &62
标识符: i &62
小于号:< &62
标识符: high &62
右括号:) &62
左花括号:{ &63
关键字: if &64
左括号:( &64
标识符: a &64
左中括号:[ &64
标识符: i &64
右中括号:] &64
小于号:< &64
标识符: x &64
右括号:) &64
左花括号:{ &65
标识符: x &66
赋值号:= &66
标识符: a &66
左中括号:[ &66
标识符: i &66
右中括号:] &66
分号:; &66
标识符: k &67
赋值号:= &67
标识符: i &67
分号:; &67
右花括号:} &68
标识符: i &69
赋值号:= &69
标识符: i &69
加号:+ &69
数字: 1 &69
分号:; &69
右花括号:} &70
关键字: return &71
标识符: k &71
分号:; &71
右花括号:} &72
关键字: void &73
标识符: sort &73
左括号:( &73
关键字: int &73
标识符: a &73
左中括号:[ &73
右中括号:] &73
逗号: , &73
关键字: int &73
标识符: low &73
逗号: , &73
关键字: int &73
标识符: high &73
右括号:) &73
左花括号:{ &74
关键字: int &75
标识符: i &75
分号:; &75
关键字: int &75
标识符: k &75
分号:; &75
标识符: i &76
赋值号:= &76
标识符: low &76
分号:; &76
关键字: while &77
左括号:( &77
标识符: i &77
小于号:< &77
标识符: high &77
减号:- &77
数字: 1 &77
右括号:) &77
左花括号:{ &78
关键字: int &79
标识符: t &79
分号:; &79
标识符: k &80
赋值号:= &80
标识符: minloc &80
左括号:( &80
标识符: a &80
逗号: , &80
标识符: i &80
逗号: , &80
标识符: high &80
右括号:) &80
分号:; &80
标识符: t &81
赋值号:= &81
标识符: a &81
左中括号:[ &81
标识符: k &81
右中括号:] &81
分号:; &81
标识符: a &82
左中括号:[ &82
标识符: k &82
右中括号:] &82
赋值号:= &82
标识符: a &82
左中括号:[ &82
标识符: i &82
右中括号:] &82
分号:; &82
标识符: a &83
左中括号:[ &83
标识符: i &83
右中括号:] &83
赋值号:= &83
标识符: t &83
分号:; &83
标识符: i &84
赋值号:= &84
标识符: i &84
加号:+ &84
数字: 1 &84
分号:; &84
右花括号:} &85
右花括号:} &86
关键字: void &87
标识符: main &87
左括号:( &87
关键字: void &87
右括号:) &87
左花括号:{ &88
关键字: int &89
标识符: i &89
分号:; &89
标识符: i &90
赋值号:= &90
数字: 0 &90
分号:; &90
关键字: while &91
左括号:( &91
标识符: i &91
小于号:< &91
数字: 10 &91
右括号:) &91
左花括号:{ &92
标识符: x &93
左中括号:[ &93
标识符: i &93
右中括号:] &93
赋值号:= &93
标识符: input &93
左括号:( &93
右括号:) &93
分号:; &93
标识符: i &94
赋值号:= &94
标识符: i &94
加号:+ &94
数字: 1 &94
分号:; &94
标识符: sort &95
左括号:( &95
标识符: x &95
逗号: , &95
数字: 0 &95
逗号: , &95
数字: 10 &95
右括号:) &95
分号:; &95
标识符: i &96
赋值号:= &96
数字: 0 &96
分号:; &96
关键字: while &97
左括号:( &97
标识符: i &97
小于号:< &97
数字: 10 &97
右括号:) &97
左花括号:{ &98
标识符: output &99
左括号:( &99
标识符: x &99
左中括号:[ &99
标识符: i &99
右中括号:] &99
右括号:) &99
分号:; &99
标识符: i &100
赋值号:= &100
标识符: i &100
加号:+ &100
数字: 1 &100
分号:; &100
右花括号:} &101
右花括号:} &102
右花括号:} &103
